[INFO] Scanning for projects...
[INFO] 
[INFO] --------------------< com.bacplus:BaccalaureatPlus >--------------------
[INFO] Building BaccalaureatPlus 1.0-SNAPSHOT
[INFO]   from pom.xml
[INFO] --------------------------------[ jar ]---------------------------------
[WARNING] 6 problems were encountered while building the effective model for org.openjfx:javafx-controls:jar:17.0.6 during dependency collection step for project (use -X to see details)
[WARNING] The artifact mysql:mysql-connector-java:jar:8.0.33 has been relocated to com.mysql:mysql-connector-j:jar:8.0.33: MySQL Connector/J artifacts moved to reverse-DNS compliant Maven 2+ coordinates.
[INFO] 
[INFO] --- resources:3.3.1:resources (default-resources) @ BaccalaureatPlus ---
[INFO] Copying 6 resources from src\main\resources to target\classes
[INFO] 
[INFO] --- compiler:3.11.0:compile (default-compile) @ BaccalaureatPlus ---
[INFO] Changes detected - recompiling the module! :source
[INFO] Compiling 11 source files with javac [debug target 17] to target\classes
[INFO] -------------------------------------------------------------
[WARNING] COMPILATION WARNING : 
[INFO] -------------------------------------------------------------
[WARNING] location of system modules is not set in conjunction with -source 17
  not setting the location of system modules may lead to class files that cannot run on JDK 17
    --release 17 is recommended instead of -source 17 -target 17 because it sets the location of system modules automatically
[INFO] 1 warning
[INFO] -------------------------------------------------------------
[INFO] -------------------------------------------------------------
[ERROR] COMPILATION ERROR : 
[INFO] -------------------------------------------------------------
[ERROR] /C:/Users/hp/Desktop/BacPlus/src/main/java/com/bacplus/services/DeepSeekService.java:[121,23] <identifier> expected
[ERROR] /C:/Users/hp/Desktop/BacPlus/src/main/java/com/bacplus/services/DeepSeekService.java:[121,24] illegal start of type
[ERROR] /C:/Users/hp/Desktop/BacPlus/src/main/java/com/bacplus/services/DeepSeekService.java:[121,74] statements not expected outside of methods and initializers
[ERROR] /C:/Users/hp/Desktop/BacPlus/src/main/java/com/bacplus/services/DeepSeekService.java:[184,10] statements not expected outside of methods and initializers
[ERROR] /C:/Users/hp/Desktop/BacPlus/src/main/java/com/bacplus/services/DeepSeekService.java:[187,12] implicitly declared classes are not supported in -source 17
  (use -source 25 or higher to enable implicitly declared classes)
[ERROR] /C:/Users/hp/Desktop/BacPlus/src/main/java/com/bacplus/services/DeepSeekService.java:[216,1] class, interface, enum, or record expected
[ERROR] /C:/Users/hp/Desktop/BacPlus/src/main/java/com/bacplus/services/DeepSeekService.java:[1,1] compact source file should not have package declaration
[ERROR] /C:/Users/hp/Desktop/BacPlus/src/main/java/com/bacplus/MainController.java:[214,10] illegal start of type
[ERROR] /C:/Users/hp/Desktop/BacPlus/src/main/java/com/bacplus/MainController.java:[216,5] invalid method declaration; return type required
[ERROR] /C:/Users/hp/Desktop/BacPlus/src/main/java/com/bacplus/MainController.java:[218,5] invalid method declaration; return type required
[ERROR] /C:/Users/hp/Desktop/BacPlus/src/main/java/com/bacplus/MainController.java:[222,13] implicitly declared classes are not supported in -source 17
  (use -source 25 or higher to enable implicitly declared classes)
[ERROR] /C:/Users/hp/Desktop/BacPlus/src/main/java/com/bacplus/MainController.java:[666,10] class, interface, enum, or record expected
[ERROR] /C:/Users/hp/Desktop/BacPlus/src/main/java/com/bacplus/MainController.java:[666,12] class, interface, enum, or record expected
[ERROR] /C:/Users/hp/Desktop/BacPlus/src/main/java/com/bacplus/MainController.java:[673,13] statements not expected outside of methods and initializers
[ERROR] /C:/Users/hp/Desktop/BacPlus/src/main/java/com/bacplus/MainController.java:[681,9] class, interface, enum, or record expected
[ERROR] /C:/Users/hp/Desktop/BacPlus/src/main/java/com/bacplus/MainController.java:[683,5] class, interface, enum, or record expected
[ERROR] /C:/Users/hp/Desktop/BacPlus/src/main/java/com/bacplus/MainController.java:[688,13] class, interface, enum, or record expected
[ERROR] /C:/Users/hp/Desktop/BacPlus/src/main/java/com/bacplus/MainController.java:[691,21] class, interface, enum, or record expected
[ERROR] /C:/Users/hp/Desktop/BacPlus/src/main/java/com/bacplus/MainController.java:[692,21] invalid method declaration; return type required
[ERROR] /C:/Users/hp/Desktop/BacPlus/src/main/java/com/bacplus/MainController.java:[693,17] class, interface, enum, or record expected
[ERROR] /C:/Users/hp/Desktop/BacPlus/src/main/java/com/bacplus/MainController.java:[695,17] class, interface, enum, or record expected
[ERROR] /C:/Users/hp/Desktop/BacPlus/src/main/java/com/bacplus/MainController.java:[697,9] class, interface, enum, or record expected
[ERROR] /C:/Users/hp/Desktop/BacPlus/src/main/java/com/bacplus/MainController.java:[698,5] class, interface, enum, or record expected
[ERROR] /C:/Users/hp/Desktop/BacPlus/src/main/java/com/bacplus/MainController.java:[702,9] statements not expected outside of methods and initializers
[ERROR] /C:/Users/hp/Desktop/BacPlus/src/main/java/com/bacplus/MainController.java:[704,9] class, interface, enum, or record expected
[ERROR] /C:/Users/hp/Desktop/BacPlus/src/main/java/com/bacplus/MainController.java:[705,5] class, interface, enum, or record expected
[ERROR] /C:/Users/hp/Desktop/BacPlus/src/main/java/com/bacplus/MainController.java:[709,9] statements not expected outside of methods and initializers
[ERROR] /C:/Users/hp/Desktop/BacPlus/src/main/java/com/bacplus/MainController.java:[711,9] class, interface, enum, or record expected
[ERROR] /C:/Users/hp/Desktop/BacPlus/src/main/java/com/bacplus/MainController.java:[712,5] class, interface, enum, or record expected
[ERROR] /C:/Users/hp/Desktop/BacPlus/src/main/java/com/bacplus/MainController.java:[716,9] class, interface, enum, or record expected
[ERROR] /C:/Users/hp/Desktop/BacPlus/src/main/java/com/bacplus/MainController.java:[717,5] class, interface, enum, or record expected
[ERROR] /C:/Users/hp/Desktop/BacPlus/src/main/java/com/bacplus/MainController.java:[917,1] class, interface, enum, or record expected
[ERROR] /C:/Users/hp/Desktop/BacPlus/src/main/java/com/bacplus/MainController.java:[1,1] compact source file should not have package declaration
[INFO] 33 errors 
[INFO] -------------------------------------------------------------
[INFO] ------------------------------------------------------------------------
[INFO] BUILD FAILURE
[INFO] ------------------------------------------------------------------------
[INFO] Total time:  2.376 s
[INFO] Finished at: 2026-01-11T21:00:18+01:00
[INFO] ------------------------------------------------------------------------
[ERROR] Failed to execute goal org.apache.maven.plugins:maven-compiler-plugin:3.11.0:compile (default-compile) on project BaccalaureatPlus: Compilation failure: Compilation failure: 
[ERROR] /C:/Users/hp/Desktop/BacPlus/src/main/java/com/bacplus/services/DeepSeekService.java:[121,23] <identifier> expected
[ERROR] /C:/Users/hp/Desktop/BacPlus/src/main/java/com/bacplus/services/DeepSeekService.java:[121,24] illegal start of type
[ERROR] /C:/Users/hp/Desktop/BacPlus/src/main/java/com/bacplus/services/DeepSeekService.java:[121,74] statements not expected outside of methods and initializers
[ERROR] /C:/Users/hp/Desktop/BacPlus/src/main/java/com/bacplus/services/DeepSeekService.java:[184,10] statements not expected outside of methods and initializers
[ERROR] /C:/Users/hp/Desktop/BacPlus/src/main/java/com/bacplus/services/DeepSeekService.java:[187,12] implicitly declared classes are not supported in -source 17
[ERROR]   (use -source 25 or higher to enable implicitly declared classes)
[ERROR] /C:/Users/hp/Desktop/BacPlus/src/main/java/com/bacplus/services/DeepSeekService.java:[216,1] class, interface, enum, or record expected
[ERROR] /C:/Users/hp/Desktop/BacPlus/src/main/java/com/bacplus/services/DeepSeekService.java:[1,1] compact source file should not have package declaration
[ERROR] /C:/Users/hp/Desktop/BacPlus/src/main/java/com/bacplus/MainController.java:[214,10] illegal start of type
[ERROR] /C:/Users/hp/Desktop/BacPlus/src/main/java/com/bacplus/MainController.java:[216,5] invalid method declaration; return type required
[ERROR] /C:/Users/hp/Desktop/BacPlus/src/main/java/com/bacplus/MainController.java:[218,5] invalid method declaration; return type required
[ERROR] /C:/Users/hp/Desktop/BacPlus/src/main/java/com/bacplus/MainController.java:[222,13] implicitly declared classes are not supported in -source 17
[ERROR]   (use -source 25 or higher to enable implicitly declared classes)
[ERROR] /C:/Users/hp/Desktop/BacPlus/src/main/java/com/bacplus/MainController.java:[666,10] class, interface, enum, or record expected
[ERROR] /C:/Users/hp/Desktop/BacPlus/src/main/java/com/bacplus/MainController.java:[666,12] class, interface, enum, or record expected
[ERROR] /C:/Users/hp/Desktop/BacPlus/src/main/java/com/bacplus/MainController.java:[673,13] statements not expected outside of methods and initializers
[ERROR] /C:/Users/hp/Desktop/BacPlus/src/main/java/com/bacplus/MainController.java:[681,9] class, interface, enum, or record expected
[ERROR] /C:/Users/hp/Desktop/BacPlus/src/main/java/com/bacplus/MainController.java:[683,5] class, interface, enum, or record expected
[ERROR] /C:/Users/hp/Desktop/BacPlus/src/main/java/com/bacplus/MainController.java:[688,13] class, interface, enum, or record expected
[ERROR] /C:/Users/hp/Desktop/BacPlus/src/main/java/com/bacplus/MainController.java:[691,21] class, interface, enum, or record expected
[ERROR] /C:/Users/hp/Desktop/BacPlus/src/main/java/com/bacplus/MainController.java:[692,21] invalid method declaration; return type required
[ERROR] /C:/Users/hp/Desktop/BacPlus/src/main/java/com/bacplus/MainController.java:[693,17] class, interface, enum, or record expected
[ERROR] /C:/Users/hp/Desktop/BacPlus/src/main/java/com/bacplus/MainController.java:[695,17] class, interface, enum, or record expected
[ERROR] /C:/Users/hp/Desktop/BacPlus/src/main/java/com/bacplus/MainController.java:[697,9] class, interface, enum, or record expected
[ERROR] /C:/Users/hp/Desktop/BacPlus/src/main/java/com/bacplus/MainController.java:[698,5] class, interface, enum, or record expected
[ERROR] /C:/Users/hp/Desktop/BacPlus/src/main/java/com/bacplus/MainController.java:[702,9] statements not expected outside of methods and initializers
[ERROR] /C:/Users/hp/Desktop/BacPlus/src/main/java/com/bacplus/MainController.java:[704,9] class, interface, enum, or record expected
[ERROR] /C:/Users/hp/Desktop/BacPlus/src/main/java/com/bacplus/MainController.java:[705,5] class, interface, enum, or record expected
[ERROR] /C:/Users/hp/Desktop/BacPlus/src/main/java/com/bacplus/MainController.java:[709,9] statements not expected outside of methods and initializers
[ERROR] /C:/Users/hp/Desktop/BacPlus/src/main/java/com/bacplus/MainController.java:[711,9] class, interface, enum, or record expected
[ERROR] /C:/Users/hp/Desktop/BacPlus/src/main/java/com/bacplus/MainController.java:[712,5] class, interface, enum, or record expected
[ERROR] /C:/Users/hp/Desktop/BacPlus/src/main/java/com/bacplus/MainController.java:[716,9] class, interface, enum, or record expected
[ERROR] /C:/Users/hp/Desktop/BacPlus/src/main/java/com/bacplus/MainController.java:[717,5] class, interface, enum, or record expected
[ERROR] /C:/Users/hp/Desktop/BacPlus/src/main/java/com/bacplus/MainController.java:[917,1] class, interface, enum, or record expected
[ERROR] /C:/Users/hp/Desktop/BacPlus/src/main/java/com/bacplus/MainController.java:[1,1] compact source file should not have package declaration
[ERROR] -> [Help 1]
[ERROR] 
[ERROR] To see the full stack trace of the errors, re-run Maven with the -e switch.
[ERROR] Re-run Maven using the -X switch to enable full debug logging.
[ERROR] 
[ERROR] For more information about the errors and possible solutions, please read the following articles:
[ERROR] [Help 1] http://cwiki.apache.org/confluence/display/MAVEN/MojoFailureException
