[INFO] Scanning for projects...
[INFO] 
[INFO] --------------------< com.bacplus:BaccalaureatPlus >--------------------
[INFO] Building BaccalaureatPlus 1.0-SNAPSHOT
[INFO]   from pom.xml
[INFO] --------------------------------[ jar ]---------------------------------
[WARNING] 6 problems were encountered while building the effective model for org.openjfx:javafx-controls:jar:17.0.6 during dependency collection step for project (use -X to see details)
[WARNING] The artifact mysql:mysql-connector-java:jar:8.0.33 has been relocated to com.mysql:mysql-connector-j:jar:8.0.33: MySQL Connector/J artifacts moved to reverse-DNS compliant Maven 2+ coordinates.
[INFO] 
[INFO] --- clean:3.2.0:clean (default-clean) @ BaccalaureatPlus ---
[INFO] Deleting C:\Users\hp\Desktop\BacPlus\target
[INFO] 
[INFO] >>> javafx:0.0.8:run (default-cli) > process-classes @ BaccalaureatPlus >>>
[WARNING] The artifact mysql:mysql-connector-java:jar:8.0.33 has been relocated to com.mysql:mysql-connector-j:jar:8.0.33: MySQL Connector/J artifacts moved to reverse-DNS compliant Maven 2+ coordinates.
[INFO] 
[INFO] --- resources:3.3.1:resources (default-resources) @ BaccalaureatPlus ---
[INFO] Copying 6 resources from src\main\resources to target\classes
[INFO] 
[INFO] --- compiler:3.11.0:compile (default-compile) @ BaccalaureatPlus ---
[INFO] Changes detected - recompiling the module! :source
[INFO] Compiling 11 source files with javac [debug target 17] to target\classes
[WARNING] location of system modules is not set in conjunction with -source 17
  not setting the location of system modules may lead to class files that cannot run on JDK 17
    --release 17 is recommended instead of -source 17 -target 17 because it sets the location of system modules automatically
[INFO] 
[INFO] <<< javafx:0.0.8:run (default-cli) < process-classes @ BaccalaureatPlus <<<
[INFO] 
[INFO] 
[INFO] --- javafx:0.0.8:run (default-cli) @ BaccalaureatPlus ---
mvn : WARNING: A 
restricted method in 
java.lang.System has 
been called
Au caract?re Ligne:1 
: 1
+ mvn clean 
javafx:run 2>&1 | 
Out-File -Encoding 
ASCII run_debug.txt
+ ~~~~~~~~~~~~~~~~~~~
~~~~~~
    + CategoryInfo   
           : NotSpe  
  cified: (WARNING   
 : A rest...has b    
een called:Strin    
g) [], RemoteExc    
eption
    + FullyQualified 
   ErrorId : Native  
  CommandError
 
WARNING: java.lang.Sy
stem::load has been 
called by com.sun.gla
ss.utils.NativeLibLoa
der in module 
javafx.graphics (file
:/C:/Users/hp/.m2/rep
ository/org/openjfx/j
avafx-graphics/17.0.6
/javafx-graphics-17.0
.6-win.jar)
WARNING: Use --enable
-native-access=javafx
.graphics to avoid a 
warning for callers 
in this module
WARNING: Restricted 
methods will be 
blocked in a future 
release unless 
native access is 
enabled

Exception in 
Application start 
method
java.lang.reflect.Inv
ocationTargetExceptio
n
	at java.base/jdk.int
ernal.reflect.DirectM
ethodHandleAccessor.i
nvoke(DirectMethodHan
dleAccessor.java:119)
	at java.base/java.la
ng.reflect.Method.inv
oke(Method.java:565)
	at javafx.graphics/c
om.sun.javafx.applica
tion.LauncherImpl.lau
nchApplicationWithArg
s(LauncherImpl.java:4
65)
	at javafx.graphics/c
om.sun.javafx.applica
tion.LauncherImpl.lau
nchApplication(Launch
erImpl.java:364)
	at java.base/jdk.int
ernal.reflect.DirectM
ethodHandleAccessor.i
nvoke(DirectMethodHan
dleAccessor.java:104)
	at java.base/java.la
ng.reflect.Method.inv
oke(Method.java:565)
	at java.base/sun.lau
ncher.LauncherHelper$
FXHelper.main(Launche
rHelper.java:1171)
Caused by: java.lang.
RuntimeException: 
Exception in 
Application start 
method
	at javafx.graphics/c
om.sun.javafx.applica
tion.LauncherImpl.lau
nchApplication1(Launc
herImpl.java:901)
	at javafx.graphics/c
om.sun.javafx.applica
tion.LauncherImpl.lam
bda$launchApplication
$2(LauncherImpl.java:
196)
	at java.base/java.la
ng.Thread.run(Thread.
java:1474)
Caused by: javafx.fxm
l.LoadException: 
/C:/Users/hp/Desktop/
BacPlus/target/classe
s/view.fxml:180

	at javafx.fxml/javaf
x.fxml.FXMLLoader.con
structLoadException(F
XMLLoader.java:2714)
	at javafx.fxml/javaf
x.fxml.FXMLLoader.loa
dImpl(FXMLLoader.java
:2692)
	at javafx.fxml/javaf
x.fxml.FXMLLoader.loa
dImpl(FXMLLoader.java
:2555)
	at javafx.fxml/javaf
x.fxml.FXMLLoader.loa
d(FXMLLoader.java:252
3)
	at com.bacplus.Main.
start(Main.java:22)
	at javafx.graphics/c
om.sun.javafx.applica
tion.LauncherImpl.lam
bda$launchApplication
1$9(LauncherImpl.java
:847)
	at javafx.graphics/c
om.sun.javafx.applica
tion.PlatformImpl.lam
bda$runAndWait$12(Pla
tformImpl.java:484)
	at javafx.graphics/c
om.sun.javafx.applica
tion.PlatformImpl.lam
bda$runLater$10(Platf
ormImpl.java:457)
	at java.base/java.se
curity.AccessControll
er.doPrivileged(Acces
sController.java:138)
	at javafx.graphics/c
om.sun.javafx.applica
tion.PlatformImpl.lam
bda$runLater$11(Platf
ormImpl.java:456)
	at javafx.graphics/c
om.sun.glass.ui.Invok
eLaterDispatcher$Futu
re.run(InvokeLaterDis
patcher.java:96)
	at javafx.graphics/c
om.sun.glass.ui.win.W
inApplication._runLoo
p(Native Method)
	at javafx.graphics/c
om.sun.glass.ui.win.W
inApplication.lambda$
runLoop$3(WinApplicat
ion.java:184)
	... 1 more
Caused by: java.lang.
IllegalArgumentExcept
ion: Unable to 
coerce 0 0 0 10 to 
class javafx.geometry
.Insets.
	at javafx.fxml/com.s
un.javafx.fxml.BeanAd
apter.coerce(BeanAdap
ter.java:497)
	at javafx.fxml/com.s
un.javafx.fxml.BeanAd
apter.put(BeanAdapter
.java:259)
	at javafx.fxml/com.s
un.javafx.fxml.BeanAd
apter.put(BeanAdapter
.java:54)
	at javafx.fxml/javaf
x.fxml.FXMLLoader$Ele
ment.applyProperty(FX
MLLoader.java:523)
	at javafx.fxml/javaf
x.fxml.FXMLLoader$Ele
ment.processValue(FXM
LLoader.java:373)
	at javafx.fxml/javaf
x.fxml.FXMLLoader$Ele
ment.processPropertyA
ttribute(FXMLLoader.j
ava:335)
	at javafx.fxml/javaf
x.fxml.FXMLLoader$Ele
ment.processInstanceP
ropertyAttributes(FXM
LLoader.java:245)
	at javafx.fxml/javaf
x.fxml.FXMLLoader$Val
ueElement.processEndE
lement(FXMLLoader.jav
a:778)
	at javafx.fxml/javaf
x.fxml.FXMLLoader.pro
cessEndElement(FXMLLo
ader.java:2961)
	at javafx.fxml/javaf
x.fxml.FXMLLoader.loa
dImpl(FXMLLoader.java
:2646)
	... 12 more
Exception running 
application 
com.bacplus.Main
[ERROR] Command execution failed.
org.apache.commons.exec.ExecuteException: Process exited with an error: 1 (Exit value: 1)
    at org.apache.commons.exec.DefaultExecutor.executeInternal (DefaultExecutor.java:404)
    at org.apache.commons.exec.DefaultExecutor.execute (DefaultExecutor.java:166)
    at org.openjfx.JavaFXBaseMojo.executeCommandLine (JavaFXBaseMojo.java:567)
    at org.openjfx.JavaFXBaseMojo.executeCommandLine (JavaFXBaseMojo.java:434)
    at org.openjfx.JavaFXRunMojo.execute (JavaFXRunMojo.java:105)
    at org.apache.maven.plugin.DefaultBuildPluginManager.executeMojo (DefaultBuildPluginManager.java:126)
    at org.apache.maven.lifecycle.internal.MojoExecutor.doExecute2 (MojoExecutor.java:328)
    at org.apache.maven.lifecycle.internal.MojoExecutor.doExecute (MojoExecutor.java:316)
    at org.apache.maven.lifecycle.internal.MojoExecutor.execute (MojoExecutor.java:212)
    at org.apache.maven.lifecycle.internal.MojoExecutor.execute (MojoExecutor.java:174)
    at org.apache.maven.lifecycle.internal.MojoExecutor.access$000 (MojoExecutor.java:75)
    at org.apache.maven.lifecycle.internal.MojoExecutor$1.run (MojoExecutor.java:162)
    at org.apache.maven.plugin.DefaultMojosExecutionStrategy.execute (DefaultMojosExecutionStrategy.java:39)
    at org.apache.maven.lifecycle.internal.MojoExecutor.execute (MojoExecutor.java:159)
    at org.apache.maven.lifecycle.internal.LifecycleModuleBuilder.buildProject (LifecycleModuleBuilder.java:105)
    at org.apache.maven.lifecycle.internal.LifecycleModuleBuilder.buildProject (LifecycleModuleBuilder.java:73)
    at org.apache.maven.lifecycle.internal.builder.singlethreaded.SingleThreadedBuilder.build (SingleThreadedBuilder.java:53)
    at org.apache.maven.lifecycle.internal.LifecycleStarter.execute (LifecycleStarter.java:118)
    at org.apache.maven.DefaultMaven.doExecute (DefaultMaven.java:261)
    at org.apache.maven.DefaultMaven.doExecute (DefaultMaven.java:173)
    at org.apache.maven.DefaultMaven.execute (DefaultMaven.java:101)
    at org.apache.maven.cli.MavenCli.execute (MavenCli.java:919)
    at org.apache.maven.cli.MavenCli.doMain (MavenCli.java:285)
    at org.apache.maven.cli.MavenCli.main (MavenCli.java:207)
    at jdk.internal.reflect.DirectMethodHandleAccessor.invoke (DirectMethodHandleAccessor.java:104)
    at java.lang.reflect.Method.invoke (Method.java:565)
    at org.codehaus.plexus.classworlds.launcher.Launcher.launchEnhanced (Launcher.java:255)
    at org.codehaus.plexus.classworlds.launcher.Launcher.launch (Launcher.java:201)
    at org.codehaus.plexus.classworlds.launcher.Launcher.mainWithExitCode (Launcher.java:361)
    at org.codehaus.plexus.classworlds.launcher.Launcher.main (Launcher.java:314)
org.apache.commons.ex
ec.ExecuteException: 
Process exited with 
an error: 1 (Exit 
value: 1)
	at org.apache.common
s.exec.DefaultExecuto
r.executeInternal(Def
aultExecutor.java:404
)
	at org.apache.common
s.exec.DefaultExecuto
r.execute(DefaultExec
utor.java:166)
	at org.openjfx.JavaF
XBaseMojo.executeComm
andLine(JavaFXBaseMoj
o.java:567)
	at org.openjfx.JavaF
XBaseMojo.executeComm
andLine(JavaFXBaseMoj
o.java:434)
	at org.openjfx.JavaF
XRunMojo.execute(Java
FXRunMojo.java:105)
	at org.apache.maven.
plugin.DefaultBuildPl
uginManager.executeMo
jo(DefaultBuildPlugin
Manager.java:126)
	at org.apache.maven.
lifecycle.internal.Mo
joExecutor.doExecute2
(MojoExecutor.java:32
8)
	at org.apache.maven.
lifecycle.internal.Mo
joExecutor.doExecute(
MojoExecutor.java:316
)
	at org.apache.maven.
lifecycle.internal.Mo
joExecutor.execute(Mo
joExecutor.java:212)
	at org.apache.maven.
lifecycle.internal.Mo
joExecutor.execute(Mo
joExecutor.java:174)
	at org.apache.maven.
lifecycle.internal.Mo
joExecutor.access$000
(MojoExecutor.java:75
)
	at org.apache.maven.
lifecycle.internal.Mo
joExecutor$1.run(Mojo
Executor.java:162)
	at org.apache.maven.
plugin.DefaultMojosEx
ecutionStrategy.execu
te(DefaultMojosExecut
ionStrategy.java:39)
	at org.apache.maven.
lifecycle.internal.Mo
joExecutor.execute(Mo
joExecutor.java:159)
	at org.apache.maven.
lifecycle.internal.Li
fecycleModuleBuilder.
buildProject(Lifecycl
eModuleBuilder.java:1
05)
	at org.apache.maven.
lifecycle.internal.Li
fecycleModuleBuilder.
buildProject(Lifecycl
eModuleBuilder.java:7
3)
	at org.apache.maven.
lifecycle.internal.bu
ilder.singlethreaded.
SingleThreadedBuilder
.build(SingleThreaded
Builder.java:53)
	at org.apache.maven.
lifecycle.internal.Li
fecycleStarter.execut
e(LifecycleStarter.ja
va:118)
	at org.apache.maven.
DefaultMaven.doExecut
e(DefaultMaven.java:2
61)
	at org.apache.maven.
DefaultMaven.doExecut
e(DefaultMaven.java:1
73)
	at org.apache.maven.
DefaultMaven.execute(
DefaultMaven.java:101
)
	at org.apache.maven.
cli.MavenCli.execute(
MavenCli.java:919)
	at org.apache.maven.
cli.MavenCli.doMain(M
avenCli.java:285)
	at org.apache.maven.
cli.MavenCli.main(Mav
enCli.java:207)
	at java.base/jdk.int
ernal.reflect.DirectM
ethodHandleAccessor.i
nvoke(DirectMethodHan
dleAccessor.java:104)
	at java.base/java.la
ng.reflect.Method.inv
oke(Method.java:565)
	at org.codehaus.plex
us.classworlds.launch
er.Launcher.launchEnh
anced(Launcher.java:2
55)
	at org.codehaus.plex
us.classworlds.launch
er.Launcher.launch(La
uncher.java:201)
	at org.codehaus.plex
us.classworlds.launch
er.Launcher.mainWithE
xitCode(Launcher.java
:361)
	at org.codehaus.plex
us.classworlds.launch
er.Launcher.main(Laun
cher.java:314)
[INFO] ------------------------------------------------------------------------
[INFO] BUILD FAILURE
[INFO] ------------------------------------------------------------------------
[INFO] Total time:  12.700 s
[INFO] Finished at: 2026-01-11T20:47:28+01:00
[INFO] ------------------------------------------------------------------------
[ERROR] Failed to execute goal org.openjfx:javafx-maven-plugin:0.0.8:run (default-cli) on project BaccalaureatPlus: Error: Command execution failed. Process exited with an error: 1 (Exit value: 1) -> [Help 1]
[ERROR] 
[ERROR] To see the full stack trace of the errors, re-run Maven with the -e switch.
[ERROR] Re-run Maven using the -X switch to enable full debug logging.
[ERROR] 
[ERROR] For more information about the errors and possible solutions, please read the following articles:
[ERROR] [Help 1] http://cwiki.apache.org/confluence/display/MAVEN/MojoExecutionException
